Arguments: 
  D:\Scoop\apps\nodejs\current\node.exe D:\Scoop\apps\yarn\current\Yarn\bin\yarn.js link

PATH: 
  D:\Scoop\apps\yarn\current\global\node_modules\.bin;D:\Scoop\apps\yarn\current\Yarn\bin;C:\Program Files\PowerShell\7;C:\Program Files\NVIDIA GPU Computing Toolkit\CUDA\v10.2\bin;C:\Program Files\NVIDIA GPU Computing Toolkit\CUDA\v10.2\libnvvp;C:\Program Files\NVIDIA GPU Computing Toolkit\CUDA\v11.2\bin;C:\Program Files\NVIDIA GPU Computing Toolkit\CUDA\v11.2\libnvvp;C:\Program Files (x86)\Common Files\Intel\Shared Libraries\redist\ia32\compiler;C:\Program Files (x86)\Common Files\Intel\Shared Libraries\redist\intel64\compiler;C:\Program Files (x86)\Common Files\Oracle\Java\javapath;C:\Windows\system32;C:\Windows;C:\Windows\System32\Wbem;C:\Windows\System32\WindowsPowerShell\v1.0\;C:\Windows\System32\OpenSSH\;C:\Program Files (x86)\NVIDIA Corporation\PhysX\Common;d:\programy\;C:\Program Files\dotnet\;C:\tools\lxrunoffline;d:\programy\nasm;D:\Programy\nwjs;C:\Program Files\NVIDIA Corporation\NVIDIA NvDLISR;C:\Program Files\Git\cmd;C:\ProgramData\ComposerSetup\bin;C:\Program Files\CMake\bin;C:\Program Files\NVIDIA Corporation\Nsight Compute 2019.5.0\;C:\Program Files\PowerShell\7\;D:\Scoop\apps\nodejs\current\bin;D:\Scoop\apps\nodejs\current;D:\Scoop\shims;C:\Users\mapoart\go\bin;C:\Users\mapoart\AppData\Local\Programs\Python\Launcher\;C:\Ruby27-x64\bin;c:\Program Files (x86)\Microsoft Visual Studio\2017\BuildTools\VC\Tools\MSVC\14.16.27023\bin\Hostx64\x64\;d:\Programy\Blender;C:/Program Files/Pd/bin/;C:\Users\mapoart\.nexssApps\dmd.2.091.1.windows\dmd2\windows\bin;C:\Users\mapoart\.nexssApps\cargo\bin;C:\Program Files;C:\Program Files (x86)\Common Files\Intel\Shared Libraries\redist\ia32\compiler;C:\Program Files (x86)\Common Files\Intel\Shared Libraries\redist\intel64\compiler;C:\Program Files (x86)\Common Files\Oracle\Java\javapath;C:\Program Files (x86)\NVIDIA Corporation\PhysX\Common;C:\Program Files\Git\cmd;C:\Program Files\NVIDIA Corporation\NVIDIA NvDLISR;C:\Users\mapoart\.nexssApps\vcpkg;C:\WINDOWS;C:\WINDOWS\system32;C:\WINDOWS\System32\OpenSSH\;C:\Windows\System32\Wbem;C:\WINDOWS\System32\WindowsPowerShell\v1.0\;d:\programy\;d:\programy\nasm;D:\Programy\nwjs;d:\Programy\bin\;C:\ProgramData\dotnet-script\dotnet-script;C:\Users\mapoart\.dotnet\tools;C:\Users\mapoart\AppData\Local\Programs\Microsoft VS Code\bin;C:\Users\mapoart\AppData\Local\Microsoft\WindowsApps;C:\Users\mapoart\.deno\bin;C:\Users\mapoart\AppData\Roaming\Composer\vendor\bin;C:\Users\mapoart\.nexssApps\TclTkMagicSplat\bin

Yarn version: 
  1.22.15

Node version: 
  17.1.0

Platform: 
  win32 x64

Trace: 
  Error: ENOENT: no such file or directory, stat 'C:\Users\mapoart\AppData\Local\Yarn\Data\link\@nexssp\cli\lib\nexss.js'

npm manifest: 
  {
    "name": "@nexssp/cli",
    "homepage": "https://nexss.com",
    "version": "2.5.63",
    "description": "Nexss PROGRAMMER - Over 50 programming languages together..",
    "main": "lib/nexss.js",
    "bin": {
      "nexss": "lib/nexss.js"
    },
    "files": [
      "lib/**/*",
      "Nexss.png",
      "nexss_kod_qr.png"
    ],
    "scripts": {
      "test": "nexssp-test --ignore=languages --ignore=bug --debug",
      "test:bug": "nexssp-test --ignore=languages --select=bug --debug",
      "test:selected": "nexssp-test --ignore=languages --select=platform --debug",
      "test:continue": "nexssp-test --ignore=languages --continueOnError --debug",
      "test:list": "nexssp-test --dry",
      "test:languages": "nexssp-test --select=languages --debug",
      "test:all:long": "nexssp-test",
      "prepare2": "npm test && npm run nexss:build",
      "nexss:build": "npx @nexssp/min@1.0.6"
    },
    "engines": {
      "npm": ">=6.9.0",
      "node": ">=12.0.0"
    },
    "repository": {
      "type": "git",
      "url": "git+ssh://git@github.com/nexssp/cli.git"
    },
    "bugs": {
      "url": "https://github.com/nexssp/cli/issues"
    },
    "keywords": [
      "tool",
      "shell",
      "compile",
      "multilanguage",
      "scripts",
      "cli",
      "programming",
      "programmer",
      "innovation",
      "nexss"
    ],
    "license": "MIT",
    "dependencies": {
      "@nexssp/ansi": "^1.1.2",
      "@nexssp/cache": "^2.0.4",
      "@nexssp/command": "^1.0.14",
      "@nexssp/config": "^1.0.7",
      "@nexssp/const": "^1.0.13",
      "@nexssp/data": "^1.0.7",
      "@nexssp/dddebug": "^1.0.7",
      "@nexssp/ensure": "^1.1.19",
      "@nexssp/expression-parser": "^1.0.3",
      "@nexssp/extend": "^2.0.3",
      "@nexssp/file": "^1.0.16",
      "@nexssp/language": "^1.1.16",
      "@nexssp/logdebug": "^1.0.18",
      "@nexssp/os": "^2.0.18",
      "@nexssp/package": "^1.0.17",
      "@nexssp/packunpack": "^1.0.6",
      "@nexssp/plugin": "^1.0.5",
      "@nexssp/project": "^1.0.15",
      "@nexssp/stack": "^1.0.9",
      "@nexssp/system": "^1.1.6",
      "axios": "^0.24.0",
      "dotenv": "^8.6.0",
      "fast-glob": "^3.2.7",
      "fuzzy": "^0.1.3",
      "ioredis": "^4.27.11",
      "is-installed-globally": "^0.4.0",
      "json-colorizer": "^2.2.2",
      "json-diff": "^0.5.4",
      "marked": "^2.1.3",
      "marked-terminal": "^4.1.1",
      "minimist": "^1.2.5",
      "string-argv": "^0.3.1",
      "string.prototype.matchall": "^4.0.6",
      "v8-compile-cache": "^2.3.0"
    },
    "author": {
      "name": "Marcin Polak",
      "email": "mapoart@gmail.com",
      "url": "https://nexss.com"
    },
    "funding": [
      {
        "type": "paypal",
        "url": "https://www.paypal.com/paypalme/mapoart"
      },
      {
        "type": "github",
        "url": "https://github.com/nexssp/cli?sponsor=1"
      }
    ],
    "devDependencies": {
      "@nexssp/test": "^1.1.3",
      "prettier": "^2.4.1"
    }
  }

yarn manifest: 
  No manifest

Lockfile: 
  No lockfile
